# JRE version: OpenJDK Runtime Environment Zulu15.38+17-CA (15.0.6+5) (build 15.0.6+5-MTS)
# Java VM: OpenJDK 64-Bit Server VM Zulu15.38+17-CA (15.0.6+5-MTS, mixed mode, tiered, compressed oops, g1 gc, bsd-aarch64)
GC Precious Log:
 CPUs: 10 total, 10 available
 Memory: 32768M
 Large Page Support: Disabled
 NUMA Support: Disabled
 Compressed Oops: Enabled (Zero based)
 Heap Region Size: 1M
 Heap Min Capacity: 8M
 Heap Initial Capacity: 512M
 Heap Max Capacity: 512M
 Pre-touch: Disabled
 Parallel Workers: 9
 Concurrent Workers: 2
 Concurrent Refinement Workers: 9
 Periodic GC: Disabled
Heap:
 garbage-first heap   total 167936K, used 92181K [0x00000007a0000000, 0x00000007c0000000)
  region size 1024K, 14 young (14336K), 6 survivors (6144K)
 Metaspace       used 115773K, capacity 117194K, committed 117488K, reserved 1153024K
  class space    used 13110K, capacity 13528K, committed 13568K, reserved 1048576K
GC Heap History (20 events):
Event: 8.385 GC heap before
{Heap before GC invocations=37 (full 0):
 garbage-first heap   total 167936K, used 141853K [0x00000007a0000000, 0x00000007c0000000)
  region size 1024K, 87 young (89088K), 6 survivors (6144K)
 Metaspace       used 95213K, capacity 96468K, committed 96624K, reserved 1134592K
  class space    used 10985K, capacity 11354K, committed 11392K, reserved 1048576K
}
Event: 8.388 GC heap after
{Heap after GC invocations=38 (full 0):
 garbage-first heap   total 167936K, used 60840K [0x00000007a0000000, 0x00000007c0000000)
  region size 1024K, 8 young (8192K), 8 survivors (8192K)
 Metaspace       used 95213K, capacity 96468K, committed 96624K, reserved 1134592K
  class space    used 10985K, capacity 11354K, committed 11392K, reserved 1048576K
}
Event: 8.691 GC heap before
{Heap before GC invocations=38 (full 0):
 garbage-first heap   total 167936K, used 138664K [0x00000007a0000000, 0x00000007c0000000)
  region size 1024K, 85 young (87040K), 8 survivors (8192K)
 Metaspace       used 98021K, capacity 99191K, committed 99440K, reserved 1136640K
  class space    used 11223K, capacity 11592K, committed 11648K, reserved 1048576K
}
Event: 8.695 GC heap after
{Heap after GC invocations=39 (full 0):
 garbage-first heap   total 167936K, used 62565K [0x00000007a0000000, 0x00000007c0000000)
  region size 1024K, 7 young (7168K), 7 survivors (7168K)
 Metaspace       used 98021K, capacity 99191K, committed 99440K, reserved 1136640K
  class space    used 11223K, capacity 11592K, committed 11648K, reserved 1048576K
}
Event: 8.949 GC heap before
{Heap before GC invocations=39 (full 0):
 garbage-first heap   total 167936K, used 140389K [0x00000007a0000000, 0x00000007c0000000)
  region size 1024K, 83 young (84992K), 7 survivors (7168K)
 Metaspace       used 101289K, capacity 102529K, committed 102640K, reserved 1140736K
  class space    used 11616K, capacity 11979K, committed 12032K, reserved 1048576K
}
Event: 8.952 GC heap after
{Heap after GC invocations=40 (full 0):
 garbage-first heap   total 167936K, used 63395K [0x00000007a0000000, 0x00000007c0000000)
  region size 1024K, 7 young (7168K), 7 survivors (7168K)
 Metaspace       used 101289K, capacity 102529K, committed 102640K, reserved 1140736K
  class space    used 11616K, capacity 11979K, committed 12032K, reserved 1048576K
}
Event: 9.198 GC heap before
{Heap before GC invocations=40 (full 0):
 garbage-first heap   total 167936K, used 132003K [0x00000007a0000000, 0x00000007c0000000)
  region size 1024K, 75 young (76800K), 7 survivors (7168K)
 Metaspace       used 104253K, capacity 105453K, committed 105584K, reserved 1142784K
  class space    used 11972K, capacity 12333K, committed 12416K, reserved 1048576K
}
Event: 9.202 GC heap after
{Heap after GC invocations=41 (full 0):
 garbage-first heap   total 167936K, used 65893K [0x00000007a0000000, 0x00000007c0000000)
  region size 1024K, 8 young (8192K), 8 survivors (8192K)
 Metaspace       used 104253K, capacity 105453K, committed 105584K, reserved 1142784K
  class space    used 11972K, capacity 12333K, committed 12416K, reserved 1048576K
}
Event: 9.443 GC heap before
{Heap before GC invocations=42 (full 0):
 garbage-first heap   total 167936K, used 140645K [0x00000007a0000000, 0x00000007c0000000)
  region size 1024K, 81 young (82944K), 8 survivors (8192K)
 Metaspace       used 106386K, capacity 107567K, committed 107760K, reserved 1144832K
  class space    used 12198K, capacity 12541K, committed 12544K, reserved 1048576K
}
Event: 9.447 GC heap after
{Heap after GC invocations=43 (full 0):
 garbage-first heap   total 167936K, used 68084K [0x00000007a0000000, 0x00000007c0000000)
  region size 1024K, 8 young (8192K), 8 survivors (8192K)
 Metaspace       used 106386K, capacity 107567K, committed 107760K, reserved 1144832K
  class space    used 12198K, capacity 12541K, committed 12544K, reserved 1048576K
}
Event: 9.752 GC heap before
{Heap before GC invocations=43 (full 0):
 garbage-first heap   total 167936K, used 140788K [0x00000007a0000000, 0x00000007c0000000)
  region size 1024K, 79 young (80896K), 8 survivors (8192K)
 Metaspace       used 108765K, capacity 110045K, committed 110192K, reserved 1146880K
  class space    used 12440K, capacity 12834K, committed 12928K, reserved 1048576K
}
Event: 9.756 GC heap after
{Heap after GC invocations=44 (full 0):
 garbage-first heap   total 167936K, used 70404K [0x00000007a0000000, 0x00000007c0000000)
  region size 1024K, 7 young (7168K), 7 survivors (7168K)
 Metaspace       used 108765K, capacity 110045K, committed 110192K, reserved 1146880K
  class space    used 12440K, capacity 12834K, committed 12928K, reserved 1048576K
}
Event: 10.009 GC heap before
{Heap before GC invocations=44 (full 0):
 garbage-first heap   total 167936K, used 141060K [0x00000007a0000000, 0x00000007c0000000)
  region size 1024K, 76 young (77824K), 7 survivors (7168K)
 Metaspace       used 110345K, capacity 111661K, committed 111856K, reserved 1148928K
  class space    used 12554K, capacity 12961K, committed 13056K, reserved 1048576K
}
Event: 10.012 GC heap after
{Heap after GC invocations=45 (full 0):
 garbage-first heap   total 167936K, used 74804K [0x00000007a0000000, 0x00000007c0000000)
  region size 1024K, 9 young (9216K), 9 survivors (9216K)
 Metaspace       used 110345K, capacity 111661K, committed 111856K, reserved 1148928K
  class space    used 12554K, capacity 12961K, committed 13056K, reserved 1048576K
}
Event: 10.264 GC heap before
{Heap before GC invocations=45 (full 0):
 garbage-first heap   total 167936K, used 139316K [0x00000007a0000000, 0x00000007c0000000)
  region size 1024K, 72 young (73728K), 9 survivors (9216K)
 Metaspace       used 112099K, capacity 113517K, committed 113776K, reserved 1150976K
  class space    used 12716K, capacity 13151K, committed 13184K, reserved 1048576K
}
Event: 10.267 GC heap after
{Heap after GC invocations=46 (full 0):
 garbage-first heap   total 167936K, used 78473K [0x00000007a0000000, 0x00000007c0000000)
  region size 1024K, 8 young (8192K), 8 survivors (8192K)
 Metaspace       used 112099K, capacity 113517K, committed 113776K, reserved 1150976K
  class space    used 12716K, capacity 13151K, committed 13184K, reserved 1048576K
}
Event: 10.493 GC heap before
{Heap before GC invocations=46 (full 0):
 garbage-first heap   total 167936K, used 139913K [0x00000007a0000000, 0x00000007c0000000)
  region size 1024K, 68 young (69632K), 8 survivors (8192K)
 Metaspace       used 113567K, capacity 114950K, committed 115184K, reserved 1150976K
  class space    used 12883K, capacity 13298K, committed 13312K, reserved 1048576K
}
Event: 10.496 GC heap after
{Heap after GC invocations=47 (full 0):
 garbage-first heap   total 167936K, used 81192K [0x00000007a0000000, 0x00000007c0000000)
  region size 1024K, 7 young (7168K), 7 survivors (7168K)
 Metaspace       used 113567K, capacity 114950K, committed 115184K, reserved 1150976K
  class space    used 12883K, capacity 13298K, committed 13312K, reserved 1048576K
}
Event: 10.585 GC heap before
{Heap before GC invocations=47 (full 0):
 garbage-first heap   total 167936K, used 117032K [0x00000007a0000000, 0x00000007c0000000)
  region size 1024K, 43 young (44032K), 7 survivors (7168K)
 Metaspace       used 115728K, capacity 117100K, committed 117232K, reserved 1153024K
  class space    used 13106K, capacity 13523K, committed 13568K, reserved 1048576K
}
Event: 10.588 GC heap after
{Heap after GC invocations=48 (full 0):
 garbage-first heap   total 167936K, used 82965K [0x00000007a0000000, 0x00000007c0000000)
  region size 1024K, 6 young (6144K), 6 survivors (6144K)
 Metaspace       used 115728K, capacity 117100K, committed 117232K, reserved 1153024K
  class space    used 13106K, capacity 13523K, committed 13568K, reserved 1048576K
}

