# JRE version: OpenJDK Runtime Environment Zulu15.38+17-CA (15.0.6+5) (build 15.0.6+5-MTS)
# Java VM: OpenJDK 64-Bit Server VM Zulu15.38+17-CA (15.0.6+5-MTS, mixed mode, tiered, compressed oops, g1 gc, bsd-aarch64)
GC Precious Log:
 CPUs: 10 total, 10 available
 Memory: 32768M
 Large Page Support: Disabled
 NUMA Support: Disabled
 Compressed Oops: Enabled (Zero based)
 Heap Region Size: 1M
 Heap Min Capacity: 8M
 Heap Initial Capacity: 512M
 Heap Max Capacity: 512M
 Pre-touch: Disabled
 Parallel Workers: 9
 Concurrent Workers: 2
 Concurrent Refinement Workers: 9
 Periodic GC: Disabled
Heap:
 garbage-first heap   total 81920K, used 32549K [0x00000007a0000000, 0x00000007c0000000)
  region size 1024K, 13 young (13312K), 4 survivors (4096K)
 Metaspace       used 28108K, capacity 28628K, committed 28928K, reserved 1075200K
  class space    used 3030K, capacity 3226K, committed 3328K, reserved 1048576K
GC Heap History (14 events):
Event: 0.222 GC heap before
{Heap before GC invocations=0 (full 0):
 garbage-first heap   total 524288K, used 31744K [0x00000007a0000000, 0x00000007c0000000)
  region size 1024K, 25 young (25600K), 0 survivors (0K)
 Metaspace       used 8525K, capacity 8668K, committed 8832K, reserved 1056768K
  class space    used 769K, capacity 820K, committed 896K, reserved 1048576K
}
Event: 0.226 GC heap after
{Heap after GC invocations=1 (full 0):
 garbage-first heap   total 524288K, used 18285K [0x00000007a0000000, 0x00000007c0000000)
  region size 1024K, 4 young (4096K), 4 survivors (4096K)
 Metaspace       used 8525K, capacity 8668K, committed 8832K, reserved 1056768K
  class space    used 769K, capacity 820K, committed 896K, reserved 1048576K
}
Event: 0.353 GC heap before
{Heap before GC invocations=1 (full 0):
 garbage-first heap   total 524288K, used 38765K [0x00000007a0000000, 0x00000007c0000000)
  region size 1024K, 25 young (25600K), 4 survivors (4096K)
 Metaspace       used 12110K, capacity 12326K, committed 12544K, reserved 1060864K
  class space    used 1156K, capacity 1250K, committed 1280K, reserved 1048576K
}
Event: 0.355 GC heap after
{Heap after GC invocations=2 (full 0):
 garbage-first heap   total 524288K, used 20071K [0x00000007a0000000, 0x00000007c0000000)
  region size 1024K, 3 young (3072K), 3 survivors (3072K)
 Metaspace       used 12110K, capacity 12326K, committed 12544K, reserved 1060864K
  class space    used 1156K, capacity 1250K, committed 1280K, reserved 1048576K
}
Event: 0.526 GC heap before
{Heap before GC invocations=2 (full 0):
 garbage-first heap   total 524288K, used 55911K [0x00000007a0000000, 0x00000007c0000000)
  region size 1024K, 38 young (38912K), 3 survivors (3072K)
 Metaspace       used 15615K, capacity 15920K, committed 16128K, reserved 1062912K
  class space    used 1579K, capacity 1688K, committed 1792K, reserved 1048576K
}
Event: 0.528 GC heap after
{Heap after GC invocations=3 (full 0):
 garbage-first heap   total 524288K, used 21339K [0x00000007a0000000, 0x00000007c0000000)
  region size 1024K, 4 young (4096K), 4 survivors (4096K)
 Metaspace       used 15615K, capacity 15920K, committed 16128K, reserved 1062912K
  class space    used 1579K, capacity 1688K, committed 1792K, reserved 1048576K
}
Event: 0.838 GC heap before
{Heap before GC invocations=3 (full 0):
 garbage-first heap   total 524288K, used 110427K [0x00000007a0000000, 0x00000007c0000000)
  region size 1024K, 92 young (94208K), 4 survivors (4096K)
 Metaspace       used 20897K, capacity 21242K, committed 21248K, reserved 1069056K
  class space    used 2216K, capacity 2303K, committed 2304K, reserved 1048576K
}
Event: 0.840 GC heap after
{Heap after GC invocations=4 (full 0):
 garbage-first heap   total 524288K, used 22586K [0x00000007a0000000, 0x00000007c0000000)
  region size 1024K, 5 young (5120K), 5 survivors (5120K)
 Metaspace       used 20897K, capacity 21242K, committed 21248K, reserved 1069056K
  class space    used 2216K, capacity 2303K, committed 2304K, reserved 1048576K
}
Event: 0.974 GC heap before
{Heap before GC invocations=5 (full 0):
 garbage-first heap   total 81920K, used 66618K [0x00000007a0000000, 0x00000007c0000000)
  region size 1024K, 48 young (49152K), 5 survivors (5120K)
 Metaspace       used 22940K, capacity 23308K, committed 23680K, reserved 1071104K
  class space    used 2433K, capacity 2564K, committed 2688K, reserved 1048576K
}
Event: 0.978 GC heap after
{Heap after GC invocations=6 (full 0):
 garbage-first heap   total 81920K, used 23181K [0x00000007a0000000, 0x00000007c0000000)
  region size 1024K, 4 young (4096K), 4 survivors (4096K)
 Metaspace       used 22940K, capacity 23308K, committed 23680K, reserved 1071104K
  class space    used 2433K, capacity 2564K, committed 2688K, reserved 1048576K
}
Event: 1.071 GC heap before
{Heap before GC invocations=6 (full 0):
 garbage-first heap   total 81920K, used 57997K [0x00000007a0000000, 0x00000007c0000000)
  region size 1024K, 38 young (38912K), 4 survivors (4096K)
 Metaspace       used 25169K, capacity 25631K, committed 25984K, reserved 1073152K
  class space    used 2661K, capacity 2826K, committed 2944K, reserved 1048576K
}
Event: 1.073 GC heap after
{Heap after GC invocations=7 (full 0):
 garbage-first heap   total 81920K, used 23673K [0x00000007a0000000, 0x00000007c0000000)
  region size 1024K, 3 young (3072K), 3 survivors (3072K)
 Metaspace       used 25169K, capacity 25631K, committed 25984K, reserved 1073152K
  class space    used 2661K, capacity 2826K, committed 2944K, reserved 1048576K
}
Event: 1.211 GC heap before
{Heap before GC invocations=7 (full 0):
 garbage-first heap   total 81920K, used 61561K [0x00000007a0000000, 0x00000007c0000000)
  region size 1024K, 40 young (40960K), 3 survivors (3072K)
 Metaspace       used 27544K, capacity 27956K, committed 28032K, reserved 1075200K
  class space    used 2967K, capacity 3130K, committed 3200K, reserved 1048576K
}
Event: 1.214 GC heap after
{Heap after GC invocations=8 (full 0):
 garbage-first heap   total 81920K, used 24357K [0x00000007a0000000, 0x00000007c0000000)
  region size 1024K, 4 young (4096K), 4 survivors (4096K)
 Metaspace       used 27544K, capacity 27956K, committed 28032K, reserved 1075200K
  class space    used 2967K, capacity 3130K, committed 3200K, reserved 1048576K
}

